# JRE version: Java(TM) SE Runtime Environment 18.9 (11.0.17+10) (build 11.0.17+10-LTS-269)
# Java VM: Java HotSpot(TM) 64-Bit Server VM 18.9 (11.0.17+10-LTS-269, mixed mode, tiered, compressed oops, g1 gc, windows-amd64)
Heap:
 garbage-first heap   total 129024K, used 15683K [0x0000000083600000, 0x0000000100000000)
  region size 1024K, 6 young (6144K), 3 survivors (3072K)
 Metaspace       used 26201K, capacity 27083K, committed 27132K, reserved 1081344K
  class space    used 3565K, capacity 3945K, committed 3968K, reserved 1048576K
GC Heap History (6 events):
Event: 2.281 GC heap before
{Heap before GC invocations=0 (full 0):
 garbage-first heap   total 129024K, used 23552K [0x0000000083600000, 0x0000000100000000)
  region size 1024K, 24 young (24576K), 0 survivors (0K)
 Metaspace       used 12870K, capacity 13234K, committed 13312K, reserved 1060864K
  class space    used 1358K, capacity 1493K, committed 1536K, reserved 1048576K
}
Event: 2.285 GC heap after
{Heap after GC invocations=1 (full 0):
 garbage-first heap   total 129024K, used 4375K [0x0000000083600000, 0x0000000100000000)
  region size 1024K, 3 young (3072K), 3 survivors (3072K)
 Metaspace       used 12870K, capacity 13234K, committed 13312K, reserved 1060864K
  class space    used 1358K, capacity 1493K, committed 1536K, reserved 1048576K
}
Event: 3.042 GC heap before
{Heap before GC invocations=1 (full 0):
 garbage-first heap   total 129024K, used 32023K [0x0000000083600000, 0x0000000100000000)
  region size 1024K, 31 young (31744K), 3 survivors (3072K)
 Metaspace       used 20618K, capacity 21211K, committed 21296K, reserved 1067008K
  class space    used 2646K, capacity 2925K, committed 2944K, reserved 1048576K
}
Event: 3.049 GC heap after
{Heap after GC invocations=2 (full 0):
 garbage-first heap   total 129024K, used 8709K [0x0000000083600000, 0x0000000100000000)
  region size 1024K, 8 young (8192K), 8 survivors (8192K)
 Metaspace       used 20618K, capacity 21211K, committed 21296K, reserved 1067008K
  class space    used 2646K, capacity 2925K, committed 2944K, reserved 1048576K
}
Event: 13.370 GC heap before
{Heap before GC invocations=3 (full 0):
 garbage-first heap   total 129024K, used 28165K [0x0000000083600000, 0x0000000100000000)
  region size 1024K, 26 young (26624K), 8 survivors (8192K)
 Metaspace       used 25364K, capacity 26189K, committed 26236K, reserved 1081344K
  class space    used 3424K, capacity 3796K, committed 3840K, reserved 1048576K
}
Event: 13.379 GC heap after
{Heap after GC invocations=4 (full 0):
 garbage-first heap   total 129024K, used 13635K [0x0000000083600000, 0x0000000100000000)
  region size 1024K, 3 young (3072K), 3 survivors (3072K)
 Metaspace       used 25364K, capacity 26189K, committed 26236K, reserved 1081344K
  class space    used 3424K, capacity 3796K, committed 3840K, reserved 1048576K
}

