# JRE version: OpenJDK Runtime Environment JBR-11.0.12.7-1504.40-jcef (11.0.12+7) (build 11.0.12+7-b1504.40)
# Java VM: OpenJDK 64-Bit Server VM JBR-11.0.12.7-1504.40-jcef (11.0.12+7-b1504.40, mixed mode, tiered, compressed oops, g1 gc, windows-amd64)
Heap:
 garbage-first heap   total 131072K, used 13607K [0x00000000c1c00000, 0x0000000100000000)
  region size 1024K, 7 young (7168K), 0 survivors (0K)
 Metaspace       used 22476K, capacity 23215K, committed 23344K, reserved 1071104K
  class space    used 2312K, capacity 2571K, committed 2688K, reserved 1048576K
GC Heap History (10 events):
Event: 2.538 GC heap before
{Heap before GC invocations=0 (full 0):
 garbage-first heap   total 131072K, used 24576K [0x00000000c1c00000, 0x0000000100000000)
  region size 1024K, 24 young (24576K), 0 survivors (0K)
 Metaspace       used 15693K, capacity 16236K, committed 16512K, reserved 1064960K
  class space    used 1669K, capacity 1881K, committed 1920K, reserved 1048576K
}
Event: 2.618 GC heap after
{Heap after GC invocations=1 (full 0):
 garbage-first heap   total 131072K, used 6076K [0x00000000c1c00000, 0x0000000100000000)
  region size 1024K, 3 young (3072K), 3 survivors (3072K)
 Metaspace       used 15693K, capacity 16236K, committed 16512K, reserved 1064960K
  class space    used 1669K, capacity 1881K, committed 1920K, reserved 1048576K
}
Event: 6.870 GC heap before
{Heap before GC invocations=1 (full 0):
 garbage-first heap   total 131072K, used 16316K [0x00000000c1c00000, 0x0000000100000000)
  region size 1024K, 13 young (13312K), 3 survivors (3072K)
 Metaspace       used 20441K, capacity 20989K, committed 21120K, reserved 1069056K
  class space    used 2193K, capacity 2416K, committed 2432K, reserved 1048576K
}
Event: 6.936 GC heap after
{Heap after GC invocations=2 (full 0):
 garbage-first heap   total 131072K, used 7539K [0x00000000c1c00000, 0x0000000100000000)
  region size 1024K, 1 young (1024K), 1 survivors (1024K)
 Metaspace       used 20441K, capacity 20989K, committed 21120K, reserved 1069056K
  class space    used 2193K, capacity 2416K, committed 2432K, reserved 1048576K
}
Event: 9.811 GC heap before
{Heap before GC invocations=2 (full 0):
 garbage-first heap   total 131072K, used 12659K [0x00000000c1c00000, 0x0000000100000000)
  region size 1024K, 7 young (7168K), 1 survivors (1024K)
 Metaspace       used 20695K, capacity 21211K, committed 21296K, reserved 1069056K
  class space    used 2200K, capacity 2420K, committed 2432K, reserved 1048576K
}
Event: 9.844 GC heap after
{Heap after GC invocations=3 (full 0):
 garbage-first heap   total 131072K, used 7825K [0x00000000c1c00000, 0x0000000100000000)
  region size 1024K, 2 young (2048K), 2 survivors (2048K)
 Metaspace       used 20695K, capacity 21211K, committed 21296K, reserved 1069056K
  class space    used 2200K, capacity 2420K, committed 2432K, reserved 1048576K
}
Event: 606.513 GC heap before
{Heap before GC invocations=4 (full 0):
 garbage-first heap   total 131072K, used 28305K [0x00000000c1c00000, 0x0000000100000000)
  region size 1024K, 22 young (22528K), 2 survivors (2048K)
 Metaspace       used 22077K, capacity 22838K, committed 23088K, reserved 1069056K
  class space    used 2308K, capacity 2563K, committed 2688K, reserved 1048576K
}
Event: 606.515 GC heap after
{Heap after GC invocations=5 (full 0):
 garbage-first heap   total 131072K, used 8148K [0x00000000c1c00000, 0x0000000100000000)
  region size 1024K, 2 young (2048K), 2 survivors (2048K)
 Metaspace       used 22077K, capacity 22838K, committed 23088K, reserved 1069056K
  class space    used 2308K, capacity 2563K, committed 2688K, reserved 1048576K
}
Event: 4206.520 GC heap before
{Heap before GC invocations=5 (full 0):
 garbage-first heap   total 131072K, used 32724K [0x00000000c1c00000, 0x0000000100000000)
  region size 1024K, 27 young (27648K), 2 survivors (2048K)
 Metaspace       used 22467K, capacity 23216K, committed 23344K, reserved 1071104K
  class space    used 2314K, capacity 2573K, committed 2688K, reserved 1048576K
}
Event: 4206.553 GC heap after
{Heap after GC invocations=6 (full 1):
 garbage-first heap   total 131072K, used 7463K [0x00000000c1c00000, 0x0000000100000000)
  region size 1024K, 0 young (0K), 0 survivors (0K)
 Metaspace       used 22463K, capacity 23210K, committed 23344K, reserved 1071104K
  class space    used 2312K, capacity 2571K, committed 2688K, reserved 1048576K
}

