# JRE version: Java(TM) SE Runtime Environment 18.9 (11.0.17+10) (build 11.0.17+10-LTS-269)
# Java VM: Java HotSpot(TM) 64-Bit Server VM 18.9 (11.0.17+10-LTS-269, mixed mode, tiered, compressed oops, g1 gc, windows-amd64)
Heap:
 garbage-first heap   total 129024K, used 23518K [0x0000000083600000, 0x0000000100000000)
  region size 1024K, 10 young (10240K), 3 survivors (3072K)
 Metaspace       used 36436K, capacity 37614K, committed 37808K, reserved 1081344K
  class space    used 4789K, capacity 5291K, committed 5376K, reserved 1048576K
GC Heap History (8 events):
Event: 0.654 GC heap before
{Heap before GC invocations=0 (full 0):
 garbage-first heap   total 129024K, used 23552K [0x0000000083600000, 0x0000000100000000)
  region size 1024K, 24 young (24576K), 0 survivors (0K)
 Metaspace       used 12589K, capacity 12926K, committed 13056K, reserved 1060864K
  class space    used 1352K, capacity 1521K, committed 1536K, reserved 1048576K
}
Event: 0.658 GC heap after
{Heap after GC invocations=1 (full 0):
 garbage-first heap   total 129024K, used 3969K [0x0000000083600000, 0x0000000100000000)
  region size 1024K, 3 young (3072K), 3 survivors (3072K)
 Metaspace       used 12589K, capacity 12926K, committed 13056K, reserved 1060864K
  class space    used 1352K, capacity 1521K, committed 1536K, reserved 1048576K
}
Event: 1.250 GC heap before
{Heap before GC invocations=1 (full 0):
 garbage-first heap   total 129024K, used 32641K [0x0000000083600000, 0x0000000100000000)
  region size 1024K, 32 young (32768K), 3 survivors (3072K)
 Metaspace       used 20605K, capacity 21211K, committed 21296K, reserved 1067008K
  class space    used 2649K, capacity 2925K, committed 2944K, reserved 1048576K
}
Event: 1.256 GC heap after
{Heap after GC invocations=2 (full 0):
 garbage-first heap   total 129024K, used 7985K [0x0000000083600000, 0x0000000100000000)
  region size 1024K, 7 young (7168K), 7 survivors (7168K)
 Metaspace       used 20605K, capacity 21211K, committed 21296K, reserved 1067008K
  class space    used 2649K, capacity 2925K, committed 2944K, reserved 1048576K
}
Event: 21.460 GC heap before
{Heap before GC invocations=3 (full 0):
 garbage-first heap   total 129024K, used 47921K [0x0000000083600000, 0x0000000100000000)
  region size 1024K, 43 young (44032K), 7 survivors (7168K)
 Metaspace       used 30428K, capacity 31415K, committed 31536K, reserved 1077248K
  class space    used 4006K, capacity 4456K, committed 4480K, reserved 1048576K
}
Event: 21.467 GC heap after
{Heap after GC invocations=4 (full 0):
 garbage-first heap   total 129024K, used 15877K [0x0000000083600000, 0x0000000100000000)
  region size 1024K, 5 young (5120K), 5 survivors (5120K)
 Metaspace       used 30428K, capacity 31415K, committed 31536K, reserved 1077248K
  class space    used 4006K, capacity 4456K, committed 4480K, reserved 1048576K
}
Event: 21.865 GC heap before
{Heap before GC invocations=4 (full 0):
 garbage-first heap   total 129024K, used 20997K [0x0000000083600000, 0x0000000100000000)
  region size 1024K, 11 young (11264K), 5 survivors (5120K)
 Metaspace       used 34515K, capacity 35582K, committed 35632K, reserved 1079296K
  class space    used 4515K, capacity 4975K, committed 4992K, reserved 1048576K
}
Event: 21.869 GC heap after
{Heap after GC invocations=5 (full 0):
 garbage-first heap   total 129024K, used 18398K [0x0000000083600000, 0x0000000100000000)
  region size 1024K, 3 young (3072K), 3 survivors (3072K)
 Metaspace       used 34515K, capacity 35582K, committed 35632K, reserved 1079296K
  class space    used 4515K, capacity 4975K, committed 4992K, reserved 1048576K
}

