# JRE version: Java(TM) SE Runtime Environment 18.9 (11.0.17+10) (build 11.0.17+10-LTS-269)
# Java VM: Java HotSpot(TM) 64-Bit Server VM 18.9 (11.0.17+10-LTS-269, mixed mode, tiered, compressed oops, g1 gc, windows-amd64)
Heap:
 garbage-first heap   total 129024K, used 33065K [0x0000000083600000, 0x0000000100000000)
  region size 1024K, 15 young (15360K), 6 survivors (6144K)
 Metaspace       used 39185K, capacity 40697K, committed 40860K, reserved 1085440K
  class space    used 5075K, capacity 5699K, committed 5708K, reserved 1048576K
GC Heap History (10 events):
Event: 1.042 GC heap before
{Heap before GC invocations=0 (full 0):
 garbage-first heap   total 129024K, used 23552K [0x0000000083600000, 0x0000000100000000)
  region size 1024K, 24 young (24576K), 0 survivors (0K)
 Metaspace       used 12443K, capacity 12766K, committed 13056K, reserved 1060864K
  class space    used 1326K, capacity 1489K, committed 1536K, reserved 1048576K
}
Event: 1.046 GC heap after
{Heap after GC invocations=1 (full 0):
 garbage-first heap   total 129024K, used 4484K [0x0000000083600000, 0x0000000100000000)
  region size 1024K, 3 young (3072K), 3 survivors (3072K)
 Metaspace       used 12443K, capacity 12766K, committed 13056K, reserved 1060864K
  class space    used 1326K, capacity 1489K, committed 1536K, reserved 1048576K
}
Event: 1.864 GC heap before
{Heap before GC invocations=1 (full 0):
 garbage-first heap   total 129024K, used 33156K [0x0000000083600000, 0x0000000100000000)
  region size 1024K, 32 young (32768K), 3 survivors (3072K)
 Metaspace       used 20612K, capacity 21211K, committed 21296K, reserved 1067008K
  class space    used 2647K, capacity 2925K, committed 2944K, reserved 1048576K
}
Event: 1.873 GC heap after
{Heap after GC invocations=2 (full 0):
 garbage-first heap   total 129024K, used 7838K [0x0000000083600000, 0x0000000100000000)
  region size 1024K, 7 young (7168K), 7 survivors (7168K)
 Metaspace       used 20612K, capacity 21211K, committed 21296K, reserved 1067008K
  class space    used 2647K, capacity 2925K, committed 2944K, reserved 1048576K
}
Event: 36.969 GC heap before
{Heap before GC invocations=3 (full 0):
 garbage-first heap   total 129024K, used 49822K [0x0000000083600000, 0x0000000100000000)
  region size 1024K, 46 young (47104K), 7 survivors (7168K)
 Metaspace       used 31802K, capacity 32794K, committed 32892K, reserved 1077248K
  class space    used 4139K, capacity 4556K, committed 4608K, reserved 1048576K
}
Event: 36.978 GC heap after
{Heap after GC invocations=4 (full 0):
 garbage-first heap   total 129024K, used 17469K [0x0000000083600000, 0x0000000100000000)
  region size 1024K, 6 young (6144K), 6 survivors (6144K)
 Metaspace       used 31802K, capacity 32794K, committed 32892K, reserved 1077248K
  class space    used 4139K, capacity 4556K, committed 4608K, reserved 1048576K
}
Event: 37.427 GC heap before
{Heap before GC invocations=4 (full 0):
 garbage-first heap   total 129024K, used 19517K [0x0000000083600000, 0x0000000100000000)
  region size 1024K, 9 young (9216K), 6 survivors (6144K)
 Metaspace       used 34933K, capacity 35943K, committed 36048K, reserved 1081344K
  class space    used 4533K, capacity 4969K, committed 4992K, reserved 1048576K
}
Event: 37.432 GC heap after
{Heap after GC invocations=5 (full 0):
 garbage-first heap   total 129024K, used 18300K [0x0000000083600000, 0x0000000100000000)
  region size 1024K, 1 young (1024K), 1 survivors (1024K)
 Metaspace       used 34933K, capacity 35943K, committed 36048K, reserved 1081344K
  class space    used 4533K, capacity 4969K, committed 4992K, reserved 1048576K
}
Event: 81.562 GC heap before
{Heap before GC invocations=6 (full 0):
 garbage-first heap   total 129024K, used 60284K [0x0000000083600000, 0x0000000100000000)
  region size 1024K, 43 young (44032K), 1 survivors (1024K)
 Metaspace       used 39035K, capacity 40479K, committed 40604K, reserved 1085440K
  class space    used 5067K, capacity 5691K, committed 5708K, reserved 1048576K
}
Event: 81.573 GC heap after
{Heap after GC invocations=7 (full 0):
 garbage-first heap   total 129024K, used 24873K [0x0000000083600000, 0x0000000100000000)
  region size 1024K, 6 young (6144K), 6 survivors (6144K)
 Metaspace       used 39035K, capacity 40479K, committed 40604K, reserved 1085440K
  class space    used 5067K, capacity 5691K, committed 5708K, reserved 1048576K
}

