# JRE version: Java(TM) SE Runtime Environment 18.9 (11.0.17+10) (build 11.0.17+10-LTS-269)
# Java VM: Java HotSpot(TM) 64-Bit Server VM 18.9 (11.0.17+10-LTS-269, mixed mode, tiered, compressed oops, g1 gc, windows-amd64)
Heap:
 garbage-first heap   total 129024K, used 45191K [0x0000000083600000, 0x0000000100000000)
  region size 1024K, 30 young (30720K), 2 survivors (2048K)
 Metaspace       used 38652K, capacity 40163K, committed 40444K, reserved 1083392K
  class space    used 5059K, capacity 5674K, committed 5708K, reserved 1048576K
GC Heap History (8 events):
Event: 0.895 GC heap before
{Heap before GC invocations=0 (full 0):
 garbage-first heap   total 129024K, used 23552K [0x0000000083600000, 0x0000000100000000)
  region size 1024K, 24 young (24576K), 0 survivors (0K)
 Metaspace       used 12404K, capacity 12764K, committed 13056K, reserved 1060864K
  class space    used 1324K, capacity 1489K, committed 1536K, reserved 1048576K
}
Event: 0.900 GC heap after
{Heap after GC invocations=1 (full 0):
 garbage-first heap   total 129024K, used 4216K [0x0000000083600000, 0x0000000100000000)
  region size 1024K, 3 young (3072K), 3 survivors (3072K)
 Metaspace       used 12404K, capacity 12764K, committed 13056K, reserved 1060864K
  class space    used 1324K, capacity 1489K, committed 1536K, reserved 1048576K
}
Event: 1.803 GC heap before
{Heap before GC invocations=1 (full 0):
 garbage-first heap   total 129024K, used 32888K [0x0000000083600000, 0x0000000100000000)
  region size 1024K, 32 young (32768K), 3 survivors (3072K)
 Metaspace       used 20597K, capacity 21210K, committed 21296K, reserved 1067008K
  class space    used 2629K, capacity 2925K, committed 2944K, reserved 1048576K
}
Event: 1.811 GC heap after
{Heap after GC invocations=2 (full 0):
 garbage-first heap   total 129024K, used 8638K [0x0000000083600000, 0x0000000100000000)
  region size 1024K, 8 young (8192K), 8 survivors (8192K)
 Metaspace       used 20597K, capacity 21210K, committed 21296K, reserved 1067008K
  class space    used 2629K, capacity 2925K, committed 2944K, reserved 1048576K
}
Event: 10.438 GC heap before
{Heap before GC invocations=3 (full 0):
 garbage-first heap   total 129024K, used 48574K [0x0000000083600000, 0x0000000100000000)
  region size 1024K, 44 young (45056K), 8 survivors (8192K)
 Metaspace       used 31166K, capacity 32229K, committed 32508K, reserved 1077248K
  class space    used 4110K, capacity 4558K, committed 4684K, reserved 1048576K
}
Event: 10.450 GC heap after
{Heap after GC invocations=4 (full 0):
 garbage-first heap   total 129024K, used 17556K [0x0000000083600000, 0x0000000100000000)
  region size 1024K, 6 young (6144K), 6 survivors (6144K)
 Metaspace       used 31166K, capacity 32229K, committed 32508K, reserved 1077248K
  class space    used 4110K, capacity 4558K, committed 4684K, reserved 1048576K
}
Event: 10.853 GC heap before
{Heap before GC invocations=4 (full 0):
 garbage-first heap   total 129024K, used 19604K [0x0000000083600000, 0x0000000100000000)
  region size 1024K, 9 young (9216K), 6 survivors (6144K)
 Metaspace       used 34814K, capacity 35898K, committed 35964K, reserved 1081344K
  class space    used 4555K, capacity 5039K, committed 5068K, reserved 1048576K
}
Event: 10.858 GC heap after
{Heap after GC invocations=5 (full 0):
 garbage-first heap   total 129024K, used 18567K [0x0000000083600000, 0x0000000100000000)
  region size 1024K, 2 young (2048K), 2 survivors (2048K)
 Metaspace       used 34814K, capacity 35898K, committed 35964K, reserved 1081344K
  class space    used 4555K, capacity 5039K, committed 5068K, reserved 1048576K
}

